2018-11-17 00:44:07 Error: Fatal Error (64): Cannot use 'String' as class name as it is reserved in [/var/www/oliveoiladmin/lib/Cake/Utility/String.php, line 24]
2018-11-17 00:44:07 Error: [FatalErrorException] Cannot use 'String' as class name as it is reserved
Stack Trace:
#0 /var/www/oliveoiladmin/lib/Cake/Error/ErrorHandler.php(203): ErrorHandler::handleFatalError(64, 'Cannot use 'Str...', '/var/www/oliveo...', 24)
#1 /var/www/oliveoiladmin/lib/Cake/Core/App.php(931): ErrorHandler::handleError(64, 'Cannot use 'Str...', '/var/www/oliveo...', 24, Array)
#2 /var/www/oliveoiladmin/lib/Cake/Core/App.php(904): App::_checkFatalError()
#3 [internal function]: App::shutdown()
#4 {main}
2018-11-17 01:36:49 Error: Fatal Error (64): Cannot use 'String' as class name as it is reserved in [/var/www/oliveoiladmin/lib/Cake/Utility/String.php, line 24]
2018-11-17 01:36:49 Error: [FatalErrorException] Cannot use 'String' as class name as it is reserved
Stack Trace:
#0 /var/www/oliveoiladmin/lib/Cake/Error/ErrorHandler.php(203): ErrorHandler::handleFatalError(64, 'Cannot use 'Str...', '/var/www/oliveo...', 24)
#1 /var/www/oliveoiladmin/lib/Cake/Core/App.php(931): ErrorHandler::handleError(64, 'Cannot use 'Str...', '/var/www/oliveo...', 24, Array)
#2 /var/www/oliveoiladmin/lib/Cake/Core/App.php(904): App::_checkFatalError()
#3 [internal function]: App::shutdown()
#4 {main}
2018-11-17 16:15:07 Error: Fatal Error (64): Cannot use 'String' as class name as it is reserved in [/var/www/oliveoiladmin/lib/Cake/Utility/String.php, line 24]
2018-11-17 16:15:07 Error: [FatalErrorException] Cannot use 'String' as class name as it is reserved
Stack Trace:
#0 /var/www/oliveoiladmin/lib/Cake/Error/ErrorHandler.php(203): ErrorHandler::handleFatalError(64, 'Cannot use 'Str...', '/var/www/oliveo...', 24)
#1 /var/www/oliveoiladmin/lib/Cake/Core/App.php(931): ErrorHandler::handleError(64, 'Cannot use 'Str...', '/var/www/oliveo...', 24, Array)
#2 /var/www/oliveoiladmin/lib/Cake/Core/App.php(904): App::_checkFatalError()
#3 [internal function]: App::shutdown()
#4 {main}
2018-11-17 16:22:01 Error: Fatal Error (64): Cannot use 'String' as class name as it is reserved in [/var/www/oliveoiladmin/lib/Cake/Utility/String.php, line 24]
2018-11-17 16:22:01 Error: [FatalErrorException] Cannot use 'String' as class name as it is reserved
Stack Trace:
#0 /var/www/oliveoiladmin/lib/Cake/Error/ErrorHandler.php(203): ErrorHandler::handleFatalError(64, 'Cannot use 'Str...', '/var/www/oliveo...', 24)
#1 /var/www/oliveoiladmin/lib/Cake/Core/App.php(931): ErrorHandler::handleError(64, 'Cannot use 'Str...', '/var/www/oliveo...', 24, Array)
#2 /var/www/oliveoiladmin/lib/Cake/Core/App.php(904): App::_checkFatalError()
#3 [internal function]: App::shutdown()
#4 {main}
2018-11-17 16:49:38 Error: Fatal Error (64): Cannot use 'String' as class name as it is reserved in [/var/www/oliveoiladmin/lib/Cake/Utility/String.php, line 24]
2018-11-17 16:49:38 Error: [FatalErrorException] Cannot use 'String' as class name as it is reserved
Stack Trace:
#0 /var/www/oliveoiladmin/lib/Cake/Error/ErrorHandler.php(203): ErrorHandler::handleFatalError(64, 'Cannot use 'Str...', '/var/www/oliveo...', 24)
#1 /var/www/oliveoiladmin/lib/Cake/Core/App.php(931): ErrorHandler::handleError(64, 'Cannot use 'Str...', '/var/www/oliveo...', 24, Array)
#2 /var/www/oliveoiladmin/lib/Cake/Core/App.php(904): App::_checkFatalError()
#3 [internal function]: App::shutdown()
#4 {main}
2018-11-17 16:59:47 Error: Fatal Error (64): Cannot use 'String' as class name as it is reserved in [/var/www/oliveoiladmin/lib/Cake/Utility/String.php, line 24]
2018-11-17 16:59:47 Error: [FatalErrorException] Cannot use 'String' as class name as it is reserved
Stack Trace:
#0 /var/www/oliveoiladmin/lib/Cake/Error/ErrorHandler.php(203): ErrorHandler::handleFatalError(64, 'Cannot use 'Str...', '/var/www/oliveo...', 24)
#1 /var/www/oliveoiladmin/lib/Cake/Core/App.php(931): ErrorHandler::handleError(64, 'Cannot use 'Str...', '/var/www/oliveo...', 24, Array)
#2 /var/www/oliveoiladmin/lib/Cake/Core/App.php(904): App::_checkFatalError()
#3 [internal function]: App::shutdown()
#4 {main}
2018-11-17 19:20:03 Error: Fatal Error (64): Cannot use 'String' as class name as it is reserved in [/var/www/oliveoiladmin/lib/Cake/Utility/String.php, line 24]
2018-11-17 19:20:03 Error: [FatalErrorException] Cannot use 'String' as class name as it is reserved
Stack Trace:
#0 /var/www/oliveoiladmin/lib/Cake/Error/ErrorHandler.php(203): ErrorHandler::handleFatalError(64, 'Cannot use 'Str...', '/var/www/oliveo...', 24)
#1 /var/www/oliveoiladmin/lib/Cake/Core/App.php(931): ErrorHandler::handleError(64, 'Cannot use 'Str...', '/var/www/oliveo...', 24, Array)
#2 /var/www/oliveoiladmin/lib/Cake/Core/App.php(904): App::_checkFatalError()
#3 [internal function]: App::shutdown()
#4 {main}
2018-11-17 19:22:50 Error: Fatal Error (64): Cannot use 'String' as class name as it is reserved in [/var/www/oliveoiladmin/lib/Cake/Utility/String.php, line 24]
2018-11-17 19:22:50 Error: [FatalErrorException] Cannot use 'String' as class name as it is reserved
Stack Trace:
#0 /var/www/oliveoiladmin/lib/Cake/Error/ErrorHandler.php(203): ErrorHandler::handleFatalError(64, 'Cannot use 'Str...', '/var/www/oliveo...', 24)
#1 /var/www/oliveoiladmin/lib/Cake/Core/App.php(931): ErrorHandler::handleError(64, 'Cannot use 'Str...', '/var/www/oliveo...', 24, Array)
#2 /var/www/oliveoiladmin/lib/Cake/Core/App.php(904): App::_checkFatalError()
#3 [internal function]: App::shutdown()
#4 {main}
2018-11-17 19:29:34 Error: Fatal Error (64): Cannot use 'String' as class name as it is reserved in [/var/www/oliveoiladmin/lib/Cake/Utility/String.php, line 24]
2018-11-17 19:29:34 Error: [FatalErrorException] Cannot use 'String' as class name as it is reserved
Stack Trace:
#0 /var/www/oliveoiladmin/lib/Cake/Error/ErrorHandler.php(203): ErrorHandler::handleFatalError(64, 'Cannot use 'Str...', '/var/www/oliveo...', 24)
#1 /var/www/oliveoiladmin/lib/Cake/Core/App.php(931): ErrorHandler::handleError(64, 'Cannot use 'Str...', '/var/www/oliveo...', 24, Array)
#2 /var/www/oliveoiladmin/lib/Cake/Core/App.php(904): App::_checkFatalError()
#3 [internal function]: App::shutdown()
#4 {main}
2018-11-17 19:31:21 Error: Fatal Error (64): Cannot use 'String' as class name as it is reserved in [/var/www/oliveoiladmin/lib/Cake/Utility/String.php, line 24]
2018-11-17 19:31:21 Error: [FatalErrorException] Cannot use 'String' as class name as it is reserved
Stack Trace:
#0 /var/www/oliveoiladmin/lib/Cake/Error/ErrorHandler.php(203): ErrorHandler::handleFatalError(64, 'Cannot use 'Str...', '/var/www/oliveo...', 24)
#1 /var/www/oliveoiladmin/lib/Cake/Core/App.php(931): ErrorHandler::handleError(64, 'Cannot use 'Str...', '/var/www/oliveo...', 24, Array)
#2 /var/www/oliveoiladmin/lib/Cake/Core/App.php(904): App::_checkFatalError()
#3 [internal function]: App::shutdown()
#4 {main}
2018-11-17 19:32:49 Error: Fatal Error (64): Cannot use 'String' as class name as it is reserved in [/var/www/oliveoiladmin/lib/Cake/Utility/String.php, line 24]
2018-11-17 19:32:49 Error: [FatalErrorException] Cannot use 'String' as class name as it is reserved
Stack Trace:
#0 /var/www/oliveoiladmin/lib/Cake/Error/ErrorHandler.php(203): ErrorHandler::handleFatalError(64, 'Cannot use 'Str...', '/var/www/oliveo...', 24)
#1 /var/www/oliveoiladmin/lib/Cake/Core/App.php(931): ErrorHandler::handleError(64, 'Cannot use 'Str...', '/var/www/oliveo...', 24, Array)
#2 /var/www/oliveoiladmin/lib/Cake/Core/App.php(904): App::_checkFatalError()
#3 [internal function]: App::shutdown()
#4 {main}
2018-11-17 19:36:12 Error: Fatal Error (64): Cannot use 'String' as class name as it is reserved in [/var/www/oliveoiladmin/lib/Cake/Utility/String.php, line 24]
2018-11-17 19:36:12 Error: [FatalErrorException] Cannot use 'String' as class name as it is reserved
Stack Trace:
#0 /var/www/oliveoiladmin/lib/Cake/Error/ErrorHandler.php(203): ErrorHandler::handleFatalError(64, 'Cannot use 'Str...', '/var/www/oliveo...', 24)
#1 /var/www/oliveoiladmin/lib/Cake/Core/App.php(931): ErrorHandler::handleError(64, 'Cannot use 'Str...', '/var/www/oliveo...', 24, Array)
#2 /var/www/oliveoiladmin/lib/Cake/Core/App.php(904): App::_checkFatalError()
#3 [internal function]: App::shutdown()
#4 {main}
2018-11-17 19:36:31 Error: Fatal Error (64): Cannot use 'String' as class name as it is reserved in [/var/www/oliveoiladmin/lib/Cake/Utility/String.php, line 24]
2018-11-17 19:36:31 Error: [FatalErrorException] Cannot use 'String' as class name as it is reserved
Stack Trace:
#0 /var/www/oliveoiladmin/lib/Cake/Error/ErrorHandler.php(203): ErrorHandler::handleFatalError(64, 'Cannot use 'Str...', '/var/www/oliveo...', 24)
#1 /var/www/oliveoiladmin/lib/Cake/Core/App.php(931): ErrorHandler::handleError(64, 'Cannot use 'Str...', '/var/www/oliveo...', 24, Array)
#2 /var/www/oliveoiladmin/lib/Cake/Core/App.php(904): App::_checkFatalError()
#3 [internal function]: App::shutdown()
#4 {main}
2018-11-17 19:36:44 Error: Fatal Error (64): Cannot use 'String' as class name as it is reserved in [/var/www/oliveoiladmin/lib/Cake/Utility/String.php, line 24]
2018-11-17 19:36:44 Error: [FatalErrorException] Cannot use 'String' as class name as it is reserved
Stack Trace:
#0 /var/www/oliveoiladmin/lib/Cake/Error/ErrorHandler.php(203): ErrorHandler::handleFatalError(64, 'Cannot use 'Str...', '/var/www/oliveo...', 24)
#1 /var/www/oliveoiladmin/lib/Cake/Core/App.php(931): ErrorHandler::handleError(64, 'Cannot use 'Str...', '/var/www/oliveo...', 24, Array)
#2 /var/www/oliveoiladmin/lib/Cake/Core/App.php(904): App::_checkFatalError()
#3 [internal function]: App::shutdown()
#4 {main}
2018-11-17 19:36:45 Error: Fatal Error (64): Cannot use 'String' as class name as it is reserved in [/var/www/oliveoiladmin/lib/Cake/Utility/String.php, line 24]
2018-11-17 19:36:45 Error: [FatalErrorException] Cannot use 'String' as class name as it is reserved
Stack Trace:
#0 /var/www/oliveoiladmin/lib/Cake/Error/ErrorHandler.php(203): ErrorHandler::handleFatalError(64, 'Cannot use 'Str...', '/var/www/oliveo...', 24)
#1 /var/www/oliveoiladmin/lib/Cake/Core/App.php(931): ErrorHandler::handleError(64, 'Cannot use 'Str...', '/var/www/oliveo...', 24, Array)
#2 /var/www/oliveoiladmin/lib/Cake/Core/App.php(904): App::_checkFatalError()
#3 [internal function]: App::shutdown()
#4 {main}
2018-11-17 19:36:46 Error: Fatal Error (64): Cannot use 'String' as class name as it is reserved in [/var/www/oliveoiladmin/lib/Cake/Utility/String.php, line 24]
2018-11-17 19:36:46 Error: [FatalErrorException] Cannot use 'String' as class name as it is reserved
Stack Trace:
#0 /var/www/oliveoiladmin/lib/Cake/Error/ErrorHandler.php(203): ErrorHandler::handleFatalError(64, 'Cannot use 'Str...', '/var/www/oliveo...', 24)
#1 /var/www/oliveoiladmin/lib/Cake/Core/App.php(931): ErrorHandler::handleError(64, 'Cannot use 'Str...', '/var/www/oliveo...', 24, Array)
#2 /var/www/oliveoiladmin/lib/Cake/Core/App.php(904): App::_checkFatalError()
#3 [internal function]: App::shutdown()
#4 {main}
2018-11-17 19:38:19 Error: Fatal Error (64): Cannot use 'String' as class name as it is reserved in [/var/www/oliveoiladmin/lib/Cake/Utility/String.php, line 24]
2018-11-17 19:38:19 Error: [FatalErrorException] Cannot use 'String' as class name as it is reserved
Stack Trace:
#0 /var/www/oliveoiladmin/lib/Cake/Error/ErrorHandler.php(203): ErrorHandler::handleFatalError(64, 'Cannot use 'Str...', '/var/www/oliveo...', 24)
#1 /var/www/oliveoiladmin/lib/Cake/Core/App.php(931): ErrorHandler::handleError(64, 'Cannot use 'Str...', '/var/www/oliveo...', 24, Array)
#2 /var/www/oliveoiladmin/lib/Cake/Core/App.php(904): App::_checkFatalError()
#3 [internal function]: App::shutdown()
#4 {main}
2018-11-17 19:38:39 Error: Fatal Error (64): Cannot use 'String' as class name as it is reserved in [/var/www/oliveoiladmin/lib/Cake/Utility/String.php, line 24]
2018-11-17 19:38:39 Error: [FatalErrorException] Cannot use 'String' as class name as it is reserved
Stack Trace:
#0 /var/www/oliveoiladmin/lib/Cake/Error/ErrorHandler.php(203): ErrorHandler::handleFatalError(64, 'Cannot use 'Str...', '/var/www/oliveo...', 24)
#1 /var/www/oliveoiladmin/lib/Cake/Core/App.php(931): ErrorHandler::handleError(64, 'Cannot use 'Str...', '/var/www/oliveo...', 24, Array)
#2 /var/www/oliveoiladmin/lib/Cake/Core/App.php(904): App::_checkFatalError()
#3 [internal function]: App::shutdown()
#4 {main}
2018-11-17 19:40:53 Error: Fatal Error (64): Cannot use 'String' as class name as it is reserved in [/var/www/oliveoiladmin/lib/Cake/Utility/String.php, line 24]
2018-11-17 19:40:53 Error: [FatalErrorException] Cannot use 'String' as class name as it is reserved
Stack Trace:
#0 /var/www/oliveoiladmin/lib/Cake/Error/ErrorHandler.php(203): ErrorHandler::handleFatalError(64, 'Cannot use 'Str...', '/var/www/oliveo...', 24)
#1 /var/www/oliveoiladmin/lib/Cake/Core/App.php(931): ErrorHandler::handleError(64, 'Cannot use 'Str...', '/var/www/oliveo...', 24, Array)
#2 /var/www/oliveoiladmin/lib/Cake/Core/App.php(904): App::_checkFatalError()
#3 [internal function]: App::shutdown()
#4 {main}
2018-11-17 19:40:56 Error: Fatal Error (64): Cannot use 'String' as class name as it is reserved in [/var/www/oliveoiladmin/lib/Cake/Utility/String.php, line 24]
2018-11-17 19:40:56 Error: [FatalErrorException] Cannot use 'String' as class name as it is reserved
Stack Trace:
#0 /var/www/oliveoiladmin/lib/Cake/Error/ErrorHandler.php(203): ErrorHandler::handleFatalError(64, 'Cannot use 'Str...', '/var/www/oliveo...', 24)
#1 /var/www/oliveoiladmin/lib/Cake/Core/App.php(931): ErrorHandler::handleError(64, 'Cannot use 'Str...', '/var/www/oliveo...', 24, Array)
#2 /var/www/oliveoiladmin/lib/Cake/Core/App.php(904): App::_checkFatalError()
#3 [internal function]: App::shutdown()
#4 {main}
2018-11-17 19:41:32 Error: Fatal Error (64): Cannot use 'String' as class name as it is reserved in [/var/www/oliveoiladmin/lib/Cake/Utility/String.php, line 24]
2018-11-17 19:41:32 Error: [FatalErrorException] Cannot use 'String' as class name as it is reserved
Stack Trace:
#0 /var/www/oliveoiladmin/lib/Cake/Error/ErrorHandler.php(203): ErrorHandler::handleFatalError(64, 'Cannot use 'Str...', '/var/www/oliveo...', 24)
#1 /var/www/oliveoiladmin/lib/Cake/Core/App.php(931): ErrorHandler::handleError(64, 'Cannot use 'Str...', '/var/www/oliveo...', 24, Array)
#2 /var/www/oliveoiladmin/lib/Cake/Core/App.php(904): App::_checkFatalError()
#3 [internal function]: App::shutdown()
#4 {main}
2018-11-17 19:42:02 Error: Fatal Error (64): Cannot use 'String' as class name as it is reserved in [/var/www/oliveoiladmin/lib/Cake/Utility/String.php, line 24]
2018-11-17 19:42:02 Error: [FatalErrorException] Cannot use 'String' as class name as it is reserved
Stack Trace:
#0 /var/www/oliveoiladmin/lib/Cake/Error/ErrorHandler.php(203): ErrorHandler::handleFatalError(64, 'Cannot use 'Str...', '/var/www/oliveo...', 24)
#1 /var/www/oliveoiladmin/lib/Cake/Core/App.php(931): ErrorHandler::handleError(64, 'Cannot use 'Str...', '/var/www/oliveo...', 24, Array)
#2 /var/www/oliveoiladmin/lib/Cake/Core/App.php(904): App::_checkFatalError()
#3 [internal function]: App::shutdown()
#4 {main}
2018-11-17 20:08:40 Error: Fatal Error (64): Cannot use 'String' as class name as it is reserved in [/var/www/oliveoiladmin/lib/Cake/Utility/String.php, line 24]
2018-11-17 20:08:40 Error: [FatalErrorException] Cannot use 'String' as class name as it is reserved
Stack Trace:
#0 /var/www/oliveoiladmin/lib/Cake/Error/ErrorHandler.php(203): ErrorHandler::handleFatalError(64, 'Cannot use 'Str...', '/var/www/oliveo...', 24)
#1 /var/www/oliveoiladmin/lib/Cake/Core/App.php(931): ErrorHandler::handleError(64, 'Cannot use 'Str...', '/var/www/oliveo...', 24, Array)
#2 /var/www/oliveoiladmin/lib/Cake/Core/App.php(904): App::_checkFatalError()
#3 [internal function]: App::shutdown()
#4 {main}
2018-11-17 20:16:09 Error: Fatal Error (64): Cannot use 'String' as class name as it is reserved in [/var/www/oliveoiladmin/lib/Cake/Utility/String.php, line 24]
2018-11-17 20:16:09 Error: [FatalErrorException] Cannot use 'String' as class name as it is reserved
Stack Trace:
#0 /var/www/oliveoiladmin/lib/Cake/Error/ErrorHandler.php(203): ErrorHandler::handleFatalError(64, 'Cannot use 'Str...', '/var/www/oliveo...', 24)
#1 /var/www/oliveoiladmin/lib/Cake/Core/App.php(931): ErrorHandler::handleError(64, 'Cannot use 'Str...', '/var/www/oliveo...', 24, Array)
#2 /var/www/oliveoiladmin/lib/Cake/Core/App.php(904): App::_checkFatalError()
#3 [internal function]: App::shutdown()
#4 {main}
2018-11-17 20:22:26 Error: [MissingDatasourceConfigException] The datasource configuration "default" was not found in database.php
Exception Attributes: array (
  'config' => 'default',
)
Request URL: /
Stack Trace:
#0 /var/www/oliveoiladmin/lib/Cake/Model/ConnectionManager.php(91): ConnectionManager::_getConnectionObject('default')
#1 /var/www/oliveoiladmin/lib/Cake/Model/Model.php(3546): ConnectionManager::getDataSource('default')
#2 /var/www/oliveoiladmin/lib/Cake/Model/Model.php(1136): Model->setDataSource('default')
#3 /var/www/oliveoiladmin/lib/Cake/Model/Model.php(3573): Model->setSource('demos')
#4 /var/www/oliveoiladmin/lib/Cake/Model/Model.php(2951): Model->getDataSource()
#5 /var/www/oliveoiladmin/lib/Cake/Model/Model.php(2923): Model->_readDataSource('all', Array)
#6 /var/www/oliveoiladmin/app/Controller/DemosController.php(26): Model->find('all')
#7 [internal function]: DemosController->indexDemo()
#8 /var/www/oliveoiladmin/lib/Cake/Controller/Controller.php(490): ReflectionMethod->invokeArgs(Object(DemosController), Array)
#9 /var/www/oliveoiladmin/lib/Cake/Routing/Dispatcher.php(193): Controller->invokeAction(Object(CakeRequest))
#10 /var/www/oliveoiladmin/lib/Cake/Routing/Dispatcher.php(167): Dispatcher->_invoke(Object(DemosController), Object(CakeRequest))
#11 /var/www/oliveoiladmin/app/webroot/index.php(108): Dispatcher->dispatch(Object(CakeRequest), Object(CakeResponse))
#12 /var/www/oliveoiladmin/index.php(41): require('/var/www/oliveo...')
#13 {main}
2018-11-17 20:23:00 Error: [MissingDatasourceConfigException] The datasource configuration "default" was not found in database.php
Exception Attributes: array (
  'config' => 'default',
)
Request URL: /
Stack Trace:
#0 /var/www/oliveoiladmin/lib/Cake/Model/ConnectionManager.php(91): ConnectionManager::_getConnectionObject('default')
#1 /var/www/oliveoiladmin/lib/Cake/Model/Model.php(3546): ConnectionManager::getDataSource('default')
#2 /var/www/oliveoiladmin/lib/Cake/Model/Model.php(1136): Model->setDataSource('default')
#3 /var/www/oliveoiladmin/lib/Cake/Model/Model.php(3573): Model->setSource('demos')
#4 /var/www/oliveoiladmin/lib/Cake/Model/Model.php(2951): Model->getDataSource()
#5 /var/www/oliveoiladmin/lib/Cake/Model/Model.php(2923): Model->_readDataSource('all', Array)
#6 /var/www/oliveoiladmin/app/Controller/DemosController.php(26): Model->find('all')
#7 [internal function]: DemosController->indexDemo()
#8 /var/www/oliveoiladmin/lib/Cake/Controller/Controller.php(490): ReflectionMethod->invokeArgs(Object(DemosController), Array)
#9 /var/www/oliveoiladmin/lib/Cake/Routing/Dispatcher.php(193): Controller->invokeAction(Object(CakeRequest))
#10 /var/www/oliveoiladmin/lib/Cake/Routing/Dispatcher.php(167): Dispatcher->_invoke(Object(DemosController), Object(CakeRequest))
#11 /var/www/oliveoiladmin/app/webroot/index.php(108): Dispatcher->dispatch(Object(CakeRequest), Object(CakeResponse))
#12 /var/www/oliveoiladmin/index.php(41): require('/var/www/oliveo...')
#13 {main}
2018-11-17 20:24:22 Error: [MissingDatasourceConfigException] The datasource configuration "default" was not found in database.php
Exception Attributes: array (
  'config' => 'default',
)
Request URL: /
Stack Trace:
#0 /var/www/oliveoiladmin/lib/Cake/Model/ConnectionManager.php(91): ConnectionManager::_getConnectionObject('default')
#1 /var/www/oliveoiladmin/lib/Cake/Model/Model.php(3546): ConnectionManager::getDataSource('default')
#2 /var/www/oliveoiladmin/lib/Cake/Model/Model.php(1136): Model->setDataSource('default')
#3 /var/www/oliveoiladmin/lib/Cake/Model/Model.php(3573): Model->setSource('demos')
#4 /var/www/oliveoiladmin/lib/Cake/Model/Model.php(2951): Model->getDataSource()
#5 /var/www/oliveoiladmin/lib/Cake/Model/Model.php(2923): Model->_readDataSource('all', Array)
#6 /var/www/oliveoiladmin/app/Controller/DemosController.php(26): Model->find('all')
#7 [internal function]: DemosController->indexDemo()
#8 /var/www/oliveoiladmin/lib/Cake/Controller/Controller.php(490): ReflectionMethod->invokeArgs(Object(DemosController), Array)
#9 /var/www/oliveoiladmin/lib/Cake/Routing/Dispatcher.php(193): Controller->invokeAction(Object(CakeRequest))
#10 /var/www/oliveoiladmin/lib/Cake/Routing/Dispatcher.php(167): Dispatcher->_invoke(Object(DemosController), Object(CakeRequest))
#11 /var/www/oliveoiladmin/app/webroot/index.php(108): Dispatcher->dispatch(Object(CakeRequest), Object(CakeResponse))
#12 /var/www/oliveoiladmin/index.php(41): require('/var/www/oliveo...')
#13 {main}
2018-11-17 20:24:45 Error: [MissingDatasourceConfigException] The datasource configuration "default" was not found in database.php
Exception Attributes: array (
  'config' => 'default',
)
Request URL: /
Stack Trace:
#0 /var/www/oliveoiladmin/lib/Cake/Model/ConnectionManager.php(91): ConnectionManager::_getConnectionObject('default')
#1 /var/www/oliveoiladmin/lib/Cake/Model/Model.php(3546): ConnectionManager::getDataSource('default')
#2 /var/www/oliveoiladmin/lib/Cake/Model/Model.php(1136): Model->setDataSource('default')
#3 /var/www/oliveoiladmin/lib/Cake/Model/Model.php(3573): Model->setSource('demos')
#4 /var/www/oliveoiladmin/lib/Cake/Model/Model.php(2951): Model->getDataSource()
#5 /var/www/oliveoiladmin/lib/Cake/Model/Model.php(2923): Model->_readDataSource('all', Array)
#6 /var/www/oliveoiladmin/app/Controller/DemosController.php(26): Model->find('all')
#7 [internal function]: DemosController->indexDemo()
#8 /var/www/oliveoiladmin/lib/Cake/Controller/Controller.php(490): ReflectionMethod->invokeArgs(Object(DemosController), Array)
#9 /var/www/oliveoiladmin/lib/Cake/Routing/Dispatcher.php(193): Controller->invokeAction(Object(CakeRequest))
#10 /var/www/oliveoiladmin/lib/Cake/Routing/Dispatcher.php(167): Dispatcher->_invoke(Object(DemosController), Object(CakeRequest))
#11 /var/www/oliveoiladmin/app/webroot/index.php(108): Dispatcher->dispatch(Object(CakeRequest), Object(CakeResponse))
#12 /var/www/oliveoiladmin/index.php(41): require('/var/www/oliveo...')
#13 {main}
2018-11-17 20:27:38 Error: [MissingConnectionException] Database connection "Mysql" is missing, or could not be created.
Exception Attributes: array (
  'class' => 'Mysql',
  'message' => 'SQLSTATE[HY000] [1045] Access denied for user \'root\'@\'localhost\' (using password: YES)',
  'enabled' => true,
)
Request URL: /
Stack Trace:
#0 /var/www/oliveoiladmin/lib/Cake/Model/Datasource/DboSource.php(260): Mysql->connect()
#1 /var/www/oliveoiladmin/lib/Cake/Model/ConnectionManager.php(105): DboSource->__construct(Array)
#2 /var/www/oliveoiladmin/lib/Cake/Model/Model.php(3546): ConnectionManager::getDataSource('default')
#3 /var/www/oliveoiladmin/lib/Cake/Model/Model.php(1136): Model->setDataSource('default')
#4 /var/www/oliveoiladmin/lib/Cake/Model/Model.php(3573): Model->setSource('demos')
#5 /var/www/oliveoiladmin/lib/Cake/Model/Model.php(2951): Model->getDataSource()
#6 /var/www/oliveoiladmin/lib/Cake/Model/Model.php(2923): Model->_readDataSource('all', Array)
#7 /var/www/oliveoiladmin/app/Controller/DemosController.php(26): Model->find('all')
#8 [internal function]: DemosController->indexDemo()
#9 /var/www/oliveoiladmin/lib/Cake/Controller/Controller.php(490): ReflectionMethod->invokeArgs(Object(DemosController), Array)
#10 /var/www/oliveoiladmin/lib/Cake/Routing/Dispatcher.php(193): Controller->invokeAction(Object(CakeRequest))
#11 /var/www/oliveoiladmin/lib/Cake/Routing/Dispatcher.php(167): Dispatcher->_invoke(Object(DemosController), Object(CakeRequest))
#12 /var/www/oliveoiladmin/app/webroot/index.php(108): Dispatcher->dispatch(Object(CakeRequest), Object(CakeResponse))
#13 /var/www/oliveoiladmin/index.php(41): require('/var/www/oliveo...')
#14 {main}
2018-11-17 20:50:04 Error: [MissingControllerException] Controller class Robots.txtController could not be found.
Exception Attributes: array (
  'class' => 'Robots.txtController',
  'plugin' => NULL,
)
Request URL: /robots.txt
Stack Trace:
#0 /var/www/oliveoiladmin/app/webroot/index.php(108): Dispatcher->dispatch(Object(CakeRequest), Object(CakeResponse))
#1 {main}
2018-11-17 20:54:50 Error: [MissingControllerException] Controller class Favicon.icoController could not be found.
Exception Attributes: array (
  'class' => 'Favicon.icoController',
  'plugin' => NULL,
)
Request URL: /favicon.ico
Stack Trace:
#0 /var/www/oliveoiladmin/app/webroot/index.php(108): Dispatcher->dispatch(Object(CakeRequest), Object(CakeResponse))
#1 {main}
2018-11-17 20:55:14 Error: [MissingControllerException] Controller class Robots.txtController could not be found.
Exception Attributes: array (
  'class' => 'Robots.txtController',
  'plugin' => NULL,
)
Request URL: /robots.txt
Stack Trace:
#0 /var/www/oliveoiladmin/app/webroot/index.php(108): Dispatcher->dispatch(Object(CakeRequest), Object(CakeResponse))
#1 {main}
2018-11-17 21:09:49 Error: [MissingControllerException] Controller class Robots.txtController could not be found.
Exception Attributes: array (
  'class' => 'Robots.txtController',
  'plugin' => NULL,
)
Request URL: /robots.txt
Stack Trace:
#0 /var/www/oliveoiladmin/app/webroot/index.php(108): Dispatcher->dispatch(Object(CakeRequest), Object(CakeResponse))
#1 {main}
2018-11-18 19:06:34 Error: [MissingControllerException] Controller class Robots.txtController could not be found.
Exception Attributes: array (
  'class' => 'Robots.txtController',
  'plugin' => NULL,
)
Request URL: /robots.txt
Stack Trace:
#0 /var/www/oliveoiladmin/app/webroot/index.php(108): Dispatcher->dispatch(Object(CakeRequest), Object(CakeResponse))
#1 {main}
2018-11-18 19:39:08 Error: [MissingControllerException] Controller class Robots.txtController could not be found.
Exception Attributes: array (
  'class' => 'Robots.txtController',
  'plugin' => NULL,
)
Request URL: /robots.txt
Stack Trace:
#0 /var/www/oliveoiladmin/app/webroot/index.php(108): Dispatcher->dispatch(Object(CakeRequest), Object(CakeResponse))
#1 {main}
2018-11-18 19:39:08 Error: Fatal Error (4): syntax error, unexpected 'die' (T_EXIT), expecting function (T_FUNCTION) in [/var/www/oliveoiladmin/app/Config/database.php, line 70]
2018-11-18 19:39:08 Error: [FatalErrorException] syntax error, unexpected 'die' (T_EXIT), expecting function (T_FUNCTION)
Request URL: /
Stack Trace:
#0 /var/www/oliveoiladmin/lib/Cake/Error/ErrorHandler.php(203): ErrorHandler::handleFatalError(4, 'syntax error, u...', '/var/www/oliveo...', 70)
#1 [internal function]: ErrorHandler::handleError(4, 'syntax error, u...', '/var/www/oliveo...', 70, Array)
#2 /var/www/oliveoiladmin/lib/Cake/Core/App.php(931): call_user_func('ErrorHandler::h...', 4, 'syntax error, u...', '/var/www/oliveo...', 70, Array)
#3 /var/www/oliveoiladmin/lib/Cake/Core/App.php(904): App::_checkFatalError()
#4 [internal function]: App::shutdown()
#5 {main}
2018-11-18 19:39:10 Error: [MissingControllerException] Controller class Favicon.icoController could not be found.
Exception Attributes: array (
  'class' => 'Favicon.icoController',
  'plugin' => NULL,
)
Request URL: /favicon.ico
Stack Trace:
#0 /var/www/oliveoiladmin/app/webroot/index.php(108): Dispatcher->dispatch(Object(CakeRequest), Object(CakeResponse))
#1 {main}
2018-11-18 19:39:31 Error: Fatal Error (4): syntax error, unexpected 'echo' (T_ECHO), expecting function (T_FUNCTION) in [/var/www/oliveoiladmin/app/Config/database.php, line 70]
2018-11-18 19:39:31 Error: [FatalErrorException] syntax error, unexpected 'echo' (T_ECHO), expecting function (T_FUNCTION)
Request URL: /
Stack Trace:
#0 /var/www/oliveoiladmin/lib/Cake/Error/ErrorHandler.php(203): ErrorHandler::handleFatalError(4, 'syntax error, u...', '/var/www/oliveo...', 70)
#1 [internal function]: ErrorHandler::handleError(4, 'syntax error, u...', '/var/www/oliveo...', 70, Array)
#2 /var/www/oliveoiladmin/lib/Cake/Core/App.php(931): call_user_func('ErrorHandler::h...', 4, 'syntax error, u...', '/var/www/oliveo...', 70, Array)
#3 /var/www/oliveoiladmin/lib/Cake/Core/App.php(904): App::_checkFatalError()
#4 [internal function]: App::shutdown()
#5 {main}
2018-11-18 20:29:06 Error: Fatal Error (4): syntax error, unexpected '(', expecting ')' in [/var/www/oliveoiladmin/app/Config/database.php, line 80]
2018-11-18 20:29:06 Error: [FatalErrorException] syntax error, unexpected '(', expecting ')'
Request URL: /
Stack Trace:
#0 /var/www/oliveoiladmin/lib/Cake/Error/ErrorHandler.php(203): ErrorHandler::handleFatalError(4, 'syntax error, u...', '/var/www/oliveo...', 80)
#1 [internal function]: ErrorHandler::handleError(4, 'syntax error, u...', '/var/www/oliveo...', 80, Array)
#2 /var/www/oliveoiladmin/lib/Cake/Core/App.php(931): call_user_func('ErrorHandler::h...', 4, 'syntax error, u...', '/var/www/oliveo...', 80, Array)
#3 /var/www/oliveoiladmin/lib/Cake/Core/App.php(904): App::_checkFatalError()
#4 [internal function]: App::shutdown()
#5 {main}
2018-11-18 20:31:59 Error: Fatal Error (4): syntax error, unexpected '(', expecting ')' in [/var/www/oliveoiladmin/app/Config/database.php, line 82]
2018-11-18 20:31:59 Error: [FatalErrorException] syntax error, unexpected '(', expecting ')'
Request URL: /
Stack Trace:
#0 /var/www/oliveoiladmin/lib/Cake/Error/ErrorHandler.php(203): ErrorHandler::handleFatalError(4, 'syntax error, u...', '/var/www/oliveo...', 82)
#1 [internal function]: ErrorHandler::handleError(4, 'syntax error, u...', '/var/www/oliveo...', 82, Array)
#2 /var/www/oliveoiladmin/lib/Cake/Core/App.php(931): call_user_func('ErrorHandler::h...', 4, 'syntax error, u...', '/var/www/oliveo...', 82, Array)
#3 /var/www/oliveoiladmin/lib/Cake/Core/App.php(904): App::_checkFatalError()
#4 [internal function]: App::shutdown()
#5 {main}
2018-11-18 20:32:55 Error: Fatal Error (4): syntax error, unexpected '(', expecting ')' in [/var/www/oliveoiladmin/app/Config/database.php, line 83]
2018-11-18 20:32:55 Error: [FatalErrorException] syntax error, unexpected '(', expecting ')'
Request URL: /
Stack Trace:
#0 /var/www/oliveoiladmin/lib/Cake/Error/ErrorHandler.php(203): ErrorHandler::handleFatalError(4, 'syntax error, u...', '/var/www/oliveo...', 83)
#1 [internal function]: ErrorHandler::handleError(4, 'syntax error, u...', '/var/www/oliveo...', 83, Array)
#2 /var/www/oliveoiladmin/lib/Cake/Core/App.php(931): call_user_func('ErrorHandler::h...', 4, 'syntax error, u...', '/var/www/oliveo...', 83, Array)
#3 /var/www/oliveoiladmin/lib/Cake/Core/App.php(904): App::_checkFatalError()
#4 [internal function]: App::shutdown()
#5 {main}
2018-11-18 20:34:32 Error: Fatal Error (4): syntax error, unexpected '(', expecting ')' in [/var/www/oliveoiladmin/app/Config/database.php, line 82]
2018-11-18 20:34:32 Error: [FatalErrorException] syntax error, unexpected '(', expecting ')'
Request URL: /
Stack Trace:
#0 /var/www/oliveoiladmin/lib/Cake/Error/ErrorHandler.php(203): ErrorHandler::handleFatalError(4, 'syntax error, u...', '/var/www/oliveo...', 82)
#1 [internal function]: ErrorHandler::handleError(4, 'syntax error, u...', '/var/www/oliveo...', 82, Array)
#2 /var/www/oliveoiladmin/lib/Cake/Core/App.php(931): call_user_func('ErrorHandler::h...', 4, 'syntax error, u...', '/var/www/oliveo...', 82, Array)
#3 /var/www/oliveoiladmin/lib/Cake/Core/App.php(904): App::_checkFatalError()
#4 [internal function]: App::shutdown()
#5 {main}
2018-11-18 20:34:54 Error: Fatal Error (4): syntax error, unexpected '$host' (T_VARIABLE), expecting function (T_FUNCTION) in [/var/www/oliveoiladmin/app/Config/database.php, line 79]
2018-11-18 20:34:54 Error: [FatalErrorException] syntax error, unexpected '$host' (T_VARIABLE), expecting function (T_FUNCTION)
Request URL: /
Stack Trace:
#0 /var/www/oliveoiladmin/lib/Cake/Error/ErrorHandler.php(203): ErrorHandler::handleFatalError(4, 'syntax error, u...', '/var/www/oliveo...', 79)
#1 [internal function]: ErrorHandler::handleError(4, 'syntax error, u...', '/var/www/oliveo...', 79, Array)
#2 /var/www/oliveoiladmin/lib/Cake/Core/App.php(931): call_user_func('ErrorHandler::h...', 4, 'syntax error, u...', '/var/www/oliveo...', 79, Array)
#3 /var/www/oliveoiladmin/lib/Cake/Core/App.php(904): App::_checkFatalError()
#4 [internal function]: App::shutdown()
#5 {main}
2018-11-18 20:35:42 Error: Fatal Error (4): syntax error, unexpected '$host' (T_VARIABLE), expecting function (T_FUNCTION) in [/var/www/oliveoiladmin/app/Config/database.php, line 79]
2018-11-18 20:35:42 Error: [FatalErrorException] syntax error, unexpected '$host' (T_VARIABLE), expecting function (T_FUNCTION)
Request URL: /
Stack Trace:
#0 /var/www/oliveoiladmin/lib/Cake/Error/ErrorHandler.php(203): ErrorHandler::handleFatalError(4, 'syntax error, u...', '/var/www/oliveo...', 79)
#1 [internal function]: ErrorHandler::handleError(4, 'syntax error, u...', '/var/www/oliveo...', 79, Array)
#2 /var/www/oliveoiladmin/lib/Cake/Core/App.php(931): call_user_func('ErrorHandler::h...', 4, 'syntax error, u...', '/var/www/oliveo...', 79, Array)
#3 /var/www/oliveoiladmin/lib/Cake/Core/App.php(904): App::_checkFatalError()
#4 [internal function]: App::shutdown()
#5 {main}
2018-11-18 20:36:04 Error: Fatal Error (4): syntax error, unexpected '$host' (T_VARIABLE), expecting function (T_FUNCTION) in [/var/www/oliveoiladmin/app/Config/database.php, line 79]
2018-11-18 20:36:04 Error: [FatalErrorException] syntax error, unexpected '$host' (T_VARIABLE), expecting function (T_FUNCTION)
Request URL: /
Stack Trace:
#0 /var/www/oliveoiladmin/lib/Cake/Error/ErrorHandler.php(203): ErrorHandler::handleFatalError(4, 'syntax error, u...', '/var/www/oliveo...', 79)
#1 [internal function]: ErrorHandler::handleError(4, 'syntax error, u...', '/var/www/oliveo...', 79, Array)
#2 /var/www/oliveoiladmin/lib/Cake/Core/App.php(931): call_user_func('ErrorHandler::h...', 4, 'syntax error, u...', '/var/www/oliveo...', 79, Array)
#3 /var/www/oliveoiladmin/lib/Cake/Core/App.php(904): App::_checkFatalError()
#4 [internal function]: App::shutdown()
#5 {main}
2018-11-18 20:36:27 Error: Fatal Error (4): syntax error, unexpected '(', expecting ',' or ';' in [/var/www/oliveoiladmin/app/Config/database.php, line 79]
2018-11-18 20:36:27 Error: [FatalErrorException] syntax error, unexpected '(', expecting ',' or ';'
Request URL: /
Stack Trace:
#0 /var/www/oliveoiladmin/lib/Cake/Error/ErrorHandler.php(203): ErrorHandler::handleFatalError(4, 'syntax error, u...', '/var/www/oliveo...', 79)
#1 [internal function]: ErrorHandler::handleError(4, 'syntax error, u...', '/var/www/oliveo...', 79, Array)
#2 /var/www/oliveoiladmin/lib/Cake/Core/App.php(931): call_user_func('ErrorHandler::h...', 4, 'syntax error, u...', '/var/www/oliveo...', 79, Array)
#3 /var/www/oliveoiladmin/lib/Cake/Core/App.php(904): App::_checkFatalError()
#4 [internal function]: App::shutdown()
#5 {main}
2018-11-18 20:36:43 Error: Fatal Error (4): syntax error, unexpected '(', expecting ',' or ';' in [/var/www/oliveoiladmin/app/Config/database.php, line 79]
2018-11-18 20:36:43 Error: [FatalErrorException] syntax error, unexpected '(', expecting ',' or ';'
Request URL: /
Stack Trace:
#0 /var/www/oliveoiladmin/lib/Cake/Error/ErrorHandler.php(203): ErrorHandler::handleFatalError(4, 'syntax error, u...', '/var/www/oliveo...', 79)
#1 [internal function]: ErrorHandler::handleError(4, 'syntax error, u...', '/var/www/oliveo...', 79, Array)
#2 /var/www/oliveoiladmin/lib/Cake/Core/App.php(931): call_user_func('ErrorHandler::h...', 4, 'syntax error, u...', '/var/www/oliveo...', 79, Array)
#3 /var/www/oliveoiladmin/lib/Cake/Core/App.php(904): App::_checkFatalError()
#4 [internal function]: App::shutdown()
#5 {main}
2018-11-18 20:37:49 Error: Fatal Error (4): syntax error, unexpected 'var_dump' (T_STRING), expecting function (T_FUNCTION) in [/var/www/oliveoiladmin/app/Config/database.php, line 80]
2018-11-18 20:37:49 Error: [FatalErrorException] syntax error, unexpected 'var_dump' (T_STRING), expecting function (T_FUNCTION)
Request URL: /
Stack Trace:
#0 /var/www/oliveoiladmin/lib/Cake/Error/ErrorHandler.php(203): ErrorHandler::handleFatalError(4, 'syntax error, u...', '/var/www/oliveo...', 80)
#1 [internal function]: ErrorHandler::handleError(4, 'syntax error, u...', '/var/www/oliveo...', 80, Array)
#2 /var/www/oliveoiladmin/lib/Cake/Core/App.php(931): call_user_func('ErrorHandler::h...', 4, 'syntax error, u...', '/var/www/oliveo...', 80, Array)
#3 /var/www/oliveoiladmin/lib/Cake/Core/App.php(904): App::_checkFatalError()
#4 [internal function]: App::shutdown()
#5 {main}
2018-11-18 20:38:17 Error: Fatal Error (4): syntax error, unexpected 'var_dump' (T_STRING), expecting function (T_FUNCTION) in [/var/www/oliveoiladmin/app/Config/database.php, line 92]
2018-11-18 20:38:17 Error: [FatalErrorException] syntax error, unexpected 'var_dump' (T_STRING), expecting function (T_FUNCTION)
Request URL: /
Stack Trace:
#0 /var/www/oliveoiladmin/lib/Cake/Error/ErrorHandler.php(203): ErrorHandler::handleFatalError(4, 'syntax error, u...', '/var/www/oliveo...', 92)
#1 [internal function]: ErrorHandler::handleError(4, 'syntax error, u...', '/var/www/oliveo...', 92, Array)
#2 /var/www/oliveoiladmin/lib/Cake/Core/App.php(931): call_user_func('ErrorHandler::h...', 4, 'syntax error, u...', '/var/www/oliveo...', 92, Array)
#3 /var/www/oliveoiladmin/lib/Cake/Core/App.php(904): App::_checkFatalError()
#4 [internal function]: App::shutdown()
#5 {main}
2018-11-18 20:38:27 Error: Fatal Error (4): syntax error, unexpected 'print_r' (T_STRING), expecting function (T_FUNCTION) in [/var/www/oliveoiladmin/app/Config/database.php, line 92]
2018-11-18 20:38:27 Error: [FatalErrorException] syntax error, unexpected 'print_r' (T_STRING), expecting function (T_FUNCTION)
Request URL: /
Stack Trace:
#0 /var/www/oliveoiladmin/lib/Cake/Error/ErrorHandler.php(203): ErrorHandler::handleFatalError(4, 'syntax error, u...', '/var/www/oliveo...', 92)
#1 [internal function]: ErrorHandler::handleError(4, 'syntax error, u...', '/var/www/oliveo...', 92, Array)
#2 /var/www/oliveoiladmin/lib/Cake/Core/App.php(931): call_user_func('ErrorHandler::h...', 4, 'syntax error, u...', '/var/www/oliveo...', 92, Array)
#3 /var/www/oliveoiladmin/lib/Cake/Core/App.php(904): App::_checkFatalError()
#4 [internal function]: App::shutdown()
#5 {main}
2018-11-18 20:38:27 Error: [MissingControllerException] Controller class Robots.txtController could not be found.
Exception Attributes: array (
  'class' => 'Robots.txtController',
  'plugin' => NULL,
)
Request URL: /robots.txt
Stack Trace:
#0 /var/www/oliveoiladmin/app/webroot/index.php(114): Dispatcher->dispatch(Object(CakeRequest), Object(CakeResponse))
#1 {main}
2018-11-18 20:39:50 Error: Fatal Error (4): syntax error, unexpected '$host' (T_VARIABLE) in [/var/www/oliveoiladmin/app/Config/database.php, line 89]
2018-11-18 20:39:50 Error: [FatalErrorException] syntax error, unexpected '$host' (T_VARIABLE)
Request URL: /
Stack Trace:
#0 /var/www/oliveoiladmin/lib/Cake/Error/ErrorHandler.php(203): ErrorHandler::handleFatalError(4, 'syntax error, u...', '/var/www/oliveo...', 89)
#1 [internal function]: ErrorHandler::handleError(4, 'syntax error, u...', '/var/www/oliveo...', 89, Array)
#2 /var/www/oliveoiladmin/lib/Cake/Core/App.php(931): call_user_func('ErrorHandler::h...', 4, 'syntax error, u...', '/var/www/oliveo...', 89, Array)
#3 /var/www/oliveoiladmin/lib/Cake/Core/App.php(904): App::_checkFatalError()
#4 [internal function]: App::shutdown()
#5 {main}
2018-11-18 20:50:48 Error: Fatal Error (4): syntax error, unexpected '$host' (T_VARIABLE) in [/var/www/oliveoiladmin/app/Config/database.php, line 89]
2018-11-18 20:50:48 Error: [FatalErrorException] syntax error, unexpected '$host' (T_VARIABLE)
Request URL: /
Stack Trace:
#0 /var/www/oliveoiladmin/lib/Cake/Error/ErrorHandler.php(203): ErrorHandler::handleFatalError(4, 'syntax error, u...', '/var/www/oliveo...', 89)
#1 [internal function]: ErrorHandler::handleError(4, 'syntax error, u...', '/var/www/oliveo...', 89, Array)
#2 /var/www/oliveoiladmin/lib/Cake/Core/App.php(931): call_user_func('ErrorHandler::h...', 4, 'syntax error, u...', '/var/www/oliveo...', 89, Array)
#3 /var/www/oliveoiladmin/lib/Cake/Core/App.php(904): App::_checkFatalError()
#4 [internal function]: App::shutdown()
#5 {main}
2018-11-18 20:54:33 Error: Fatal Error (4): syntax error, unexpected '$host' (T_VARIABLE) in [/var/www/oliveoiladmin/app/Config/database.php, line 79]
2018-11-18 20:54:33 Error: [FatalErrorException] syntax error, unexpected '$host' (T_VARIABLE)
Request URL: /
Stack Trace:
#0 /var/www/oliveoiladmin/lib/Cake/Error/ErrorHandler.php(203): ErrorHandler::handleFatalError(4, 'syntax error, u...', '/var/www/oliveo...', 79)
#1 [internal function]: ErrorHandler::handleError(4, 'syntax error, u...', '/var/www/oliveo...', 79, Array)
#2 /var/www/oliveoiladmin/lib/Cake/Core/App.php(931): call_user_func('ErrorHandler::h...', 4, 'syntax error, u...', '/var/www/oliveo...', 79, Array)
#3 /var/www/oliveoiladmin/lib/Cake/Core/App.php(904): App::_checkFatalError()
#4 [internal function]: App::shutdown()
#5 {main}
2018-11-18 20:54:43 Error: Fatal Error (4): syntax error, unexpected '$host' (T_VARIABLE) in [/var/www/oliveoiladmin/app/Config/database.php, line 79]
2018-11-18 20:54:43 Error: [FatalErrorException] syntax error, unexpected '$host' (T_VARIABLE)
Request URL: /
Stack Trace:
#0 /var/www/oliveoiladmin/lib/Cake/Error/ErrorHandler.php(203): ErrorHandler::handleFatalError(4, 'syntax error, u...', '/var/www/oliveo...', 79)
#1 [internal function]: ErrorHandler::handleError(4, 'syntax error, u...', '/var/www/oliveo...', 79, Array)
#2 /var/www/oliveoiladmin/lib/Cake/Core/App.php(931): call_user_func('ErrorHandler::h...', 4, 'syntax error, u...', '/var/www/oliveo...', 79, Array)
#3 /var/www/oliveoiladmin/lib/Cake/Core/App.php(904): App::_checkFatalError()
#4 [internal function]: App::shutdown()
#5 {main}
2018-11-18 20:54:53 Error: Fatal Error (4): syntax error, unexpected 'var_dump' (T_STRING) in [/var/www/oliveoiladmin/app/Config/database.php, line 81]
2018-11-18 20:54:53 Error: [FatalErrorException] syntax error, unexpected 'var_dump' (T_STRING)
Request URL: /
Stack Trace:
#0 /var/www/oliveoiladmin/lib/Cake/Error/ErrorHandler.php(203): ErrorHandler::handleFatalError(4, 'syntax error, u...', '/var/www/oliveo...', 81)
#1 [internal function]: ErrorHandler::handleError(4, 'syntax error, u...', '/var/www/oliveo...', 81, Array)
#2 /var/www/oliveoiladmin/lib/Cake/Core/App.php(931): call_user_func('ErrorHandler::h...', 4, 'syntax error, u...', '/var/www/oliveo...', 81, Array)
#3 /var/www/oliveoiladmin/lib/Cake/Core/App.php(904): App::_checkFatalError()
#4 [internal function]: App::shutdown()
#5 {main}
2018-11-18 20:57:19 Error: Fatal Error (4): syntax error, unexpected '(', expecting ',' or ';' in [/var/www/oliveoiladmin/app/Config/database.php, line 87]
2018-11-18 20:57:19 Error: [FatalErrorException] syntax error, unexpected '(', expecting ',' or ';'
Request URL: /
Stack Trace:
#0 /var/www/oliveoiladmin/lib/Cake/Error/ErrorHandler.php(203): ErrorHandler::handleFatalError(4, 'syntax error, u...', '/var/www/oliveo...', 87)
#1 [internal function]: ErrorHandler::handleError(4, 'syntax error, u...', '/var/www/oliveo...', 87, Array)
#2 /var/www/oliveoiladmin/lib/Cake/Core/App.php(931): call_user_func('ErrorHandler::h...', 4, 'syntax error, u...', '/var/www/oliveo...', 87, Array)
#3 /var/www/oliveoiladmin/lib/Cake/Core/App.php(904): App::_checkFatalError()
#4 [internal function]: App::shutdown()
#5 {main}
2018-11-18 21:00:39 Error: Fatal Error (4): syntax error, unexpected '$var1' (T_VARIABLE), expecting identifier (T_STRING) or class (T_CLASS) in [/var/www/oliveoiladmin/app/Config/database.php, line 96]
2018-11-18 21:00:39 Error: [FatalErrorException] syntax error, unexpected '$var1' (T_VARIABLE), expecting identifier (T_STRING) or class (T_CLASS)
Request URL: /
Stack Trace:
#0 /var/www/oliveoiladmin/lib/Cake/Error/ErrorHandler.php(203): ErrorHandler::handleFatalError(4, 'syntax error, u...', '/var/www/oliveo...', 96)
#1 [internal function]: ErrorHandler::handleError(4, 'syntax error, u...', '/var/www/oliveo...', 96, Array)
#2 /var/www/oliveoiladmin/lib/Cake/Core/App.php(931): call_user_func('ErrorHandler::h...', 4, 'syntax error, u...', '/var/www/oliveo...', 96, Array)
#3 /var/www/oliveoiladmin/lib/Cake/Core/App.php(904): App::_checkFatalError()
#4 [internal function]: App::shutdown()
#5 {main}
2018-11-18 21:00:48 Error: Fatal Error (1): Undefined class constant 'self::var1' in [/var/www/oliveoiladmin/lib/Cake/Model/ConnectionManager.php, line 69]
2018-11-18 21:00:48 Error: [FatalErrorException] Undefined class constant 'self::var1'
Request URL: /
Stack Trace:
#0 /var/www/oliveoiladmin/lib/Cake/Error/ErrorHandler.php(203): ErrorHandler::handleFatalError(1, 'Undefined class...', '/var/www/oliveo...', 69)
#1 [internal function]: ErrorHandler::handleError(1, 'Undefined class...', '/var/www/oliveo...', 69, Array)
#2 /var/www/oliveoiladmin/lib/Cake/Core/App.php(931): call_user_func('ErrorHandler::h...', 1, 'Undefined class...', '/var/www/oliveo...', 69, Array)
#3 /var/www/oliveoiladmin/lib/Cake/Core/App.php(904): App::_checkFatalError()
#4 [internal function]: App::shutdown()
#5 {main}
2018-11-18 21:00:48 Error: [MissingControllerException] Controller class Robots.txtController could not be found.
Exception Attributes: array (
  'class' => 'Robots.txtController',
  'plugin' => NULL,
)
Request URL: /robots.txt
Stack Trace:
#0 /var/www/oliveoiladmin/app/webroot/index.php(114): Dispatcher->dispatch(Object(CakeRequest), Object(CakeResponse))
#1 {main}
2018-11-18 21:00:59 Error: Fatal Error (4): syntax error, unexpected '$var1' (T_VARIABLE) in [/var/www/oliveoiladmin/app/Config/database.php, line 96]
2018-11-18 21:00:59 Error: [FatalErrorException] syntax error, unexpected '$var1' (T_VARIABLE)
Request URL: /
Stack Trace:
#0 /var/www/oliveoiladmin/lib/Cake/Error/ErrorHandler.php(203): ErrorHandler::handleFatalError(4, 'syntax error, u...', '/var/www/oliveo...', 96)
#1 [internal function]: ErrorHandler::handleError(4, 'syntax error, u...', '/var/www/oliveo...', 96, Array)
#2 /var/www/oliveoiladmin/lib/Cake/Core/App.php(931): call_user_func('ErrorHandler::h...', 4, 'syntax error, u...', '/var/www/oliveo...', 96, Array)
#3 /var/www/oliveoiladmin/lib/Cake/Core/App.php(904): App::_checkFatalError()
#4 [internal function]: App::shutdown()
#5 {main}
2018-11-18 21:01:31 Error: Fatal Error (4): syntax error, unexpected '(', expecting ',' or ';' in [/var/www/oliveoiladmin/app/Config/database.php, line 90]
2018-11-18 21:01:31 Error: [FatalErrorException] syntax error, unexpected '(', expecting ',' or ';'
Request URL: /
Stack Trace:
#0 /var/www/oliveoiladmin/lib/Cake/Error/ErrorHandler.php(203): ErrorHandler::handleFatalError(4, 'syntax error, u...', '/var/www/oliveo...', 90)
#1 [internal function]: ErrorHandler::handleError(4, 'syntax error, u...', '/var/www/oliveo...', 90, Array)
#2 /var/www/oliveoiladmin/lib/Cake/Core/App.php(931): call_user_func('ErrorHandler::h...', 4, 'syntax error, u...', '/var/www/oliveo...', 90, Array)
#3 /var/www/oliveoiladmin/lib/Cake/Core/App.php(904): App::_checkFatalError()
#4 [internal function]: App::shutdown()
#5 {main}
2018-11-18 21:02:28 Error: Fatal Error (4): syntax error, unexpected '$this' (T_VARIABLE) in [/var/www/oliveoiladmin/app/Config/database.php, line 97]
2018-11-18 21:02:28 Error: [FatalErrorException] syntax error, unexpected '$this' (T_VARIABLE)
Request URL: /
Stack Trace:
#0 /var/www/oliveoiladmin/lib/Cake/Error/ErrorHandler.php(203): ErrorHandler::handleFatalError(4, 'syntax error, u...', '/var/www/oliveo...', 97)
#1 [internal function]: ErrorHandler::handleError(4, 'syntax error, u...', '/var/www/oliveo...', 97, Array)
#2 /var/www/oliveoiladmin/lib/Cake/Core/App.php(931): call_user_func('ErrorHandler::h...', 4, 'syntax error, u...', '/var/www/oliveo...', 97, Array)
#3 /var/www/oliveoiladmin/lib/Cake/Core/App.php(904): App::_checkFatalError()
#4 [internal function]: App::shutdown()
#5 {main}
2018-11-18 21:04:11 Error: Fatal Error (4): syntax error, unexpected '$this' (T_VARIABLE) in [/var/www/oliveoiladmin/app/Config/database.php, line 97]
2018-11-18 21:04:11 Error: [FatalErrorException] syntax error, unexpected '$this' (T_VARIABLE)
Request URL: /
Stack Trace:
#0 /var/www/oliveoiladmin/lib/Cake/Error/ErrorHandler.php(203): ErrorHandler::handleFatalError(4, 'syntax error, u...', '/var/www/oliveo...', 97)
#1 [internal function]: ErrorHandler::handleError(4, 'syntax error, u...', '/var/www/oliveo...', 97, Array)
#2 /var/www/oliveoiladmin/lib/Cake/Core/App.php(931): call_user_func('ErrorHandler::h...', 4, 'syntax error, u...', '/var/www/oliveo...', 97, Array)
#3 /var/www/oliveoiladmin/lib/Cake/Core/App.php(904): App::_checkFatalError()
#4 [internal function]: App::shutdown()
#5 {main}
2018-11-18 21:05:22 Error: Fatal Error (1): Undefined class constant 'self::host' in [/var/www/oliveoiladmin/lib/Cake/Model/ConnectionManager.php, line 69]
2018-11-18 21:05:22 Error: [FatalErrorException] Undefined class constant 'self::host'
Request URL: /
Stack Trace:
#0 /var/www/oliveoiladmin/lib/Cake/Error/ErrorHandler.php(203): ErrorHandler::handleFatalError(1, 'Undefined class...', '/var/www/oliveo...', 69)
#1 [internal function]: ErrorHandler::handleError(1, 'Undefined class...', '/var/www/oliveo...', 69, Array)
#2 /var/www/oliveoiladmin/lib/Cake/Core/App.php(931): call_user_func('ErrorHandler::h...', 1, 'Undefined class...', '/var/www/oliveo...', 69, Array)
#3 /var/www/oliveoiladmin/lib/Cake/Core/App.php(904): App::_checkFatalError()
#4 [internal function]: App::shutdown()
#5 {main}
2018-11-18 21:05:32 Error: Fatal Error (4): syntax error, unexpected '$host' (T_VARIABLE), expecting identifier (T_STRING) or class (T_CLASS) in [/var/www/oliveoiladmin/app/Config/database.php, line 97]
2018-11-18 21:05:32 Error: [FatalErrorException] syntax error, unexpected '$host' (T_VARIABLE), expecting identifier (T_STRING) or class (T_CLASS)
Request URL: /
Stack Trace:
#0 /var/www/oliveoiladmin/lib/Cake/Error/ErrorHandler.php(203): ErrorHandler::handleFatalError(4, 'syntax error, u...', '/var/www/oliveo...', 97)
#1 [internal function]: ErrorHandler::handleError(4, 'syntax error, u...', '/var/www/oliveo...', 97, Array)
#2 /var/www/oliveoiladmin/lib/Cake/Core/App.php(931): call_user_func('ErrorHandler::h...', 4, 'syntax error, u...', '/var/www/oliveo...', 97, Array)
#3 /var/www/oliveoiladmin/lib/Cake/Core/App.php(904): App::_checkFatalError()
#4 [internal function]: App::shutdown()
#5 {main}
2018-11-18 21:08:30 Error: Fatal Error (4): syntax error, unexpected '(', expecting ')' in [/var/www/oliveoiladmin/app/Config/database.php, line 102]
2018-11-18 21:08:30 Error: [FatalErrorException] syntax error, unexpected '(', expecting ')'
Request URL: /
Stack Trace:
#0 /var/www/oliveoiladmin/lib/Cake/Error/ErrorHandler.php(203): ErrorHandler::handleFatalError(4, 'syntax error, u...', '/var/www/oliveo...', 102)
#1 [internal function]: ErrorHandler::handleError(4, 'syntax error, u...', '/var/www/oliveo...', 102, Array)
#2 /var/www/oliveoiladmin/lib/Cake/Core/App.php(931): call_user_func('ErrorHandler::h...', 4, 'syntax error, u...', '/var/www/oliveo...', 102, Array)
#3 /var/www/oliveoiladmin/lib/Cake/Core/App.php(904): App::_checkFatalError()
#4 [internal function]: App::shutdown()
#5 {main}
2018-11-18 21:13:08 Error: Fatal Error (4): syntax error, unexpected 'print_r' (T_STRING), expecting function (T_FUNCTION) in [/var/www/oliveoiladmin/app/Config/database.php, line 104]
2018-11-18 21:13:08 Error: [FatalErrorException] syntax error, unexpected 'print_r' (T_STRING), expecting function (T_FUNCTION)
Request URL: /
Stack Trace:
#0 /var/www/oliveoiladmin/lib/Cake/Error/ErrorHandler.php(203): ErrorHandler::handleFatalError(4, 'syntax error, u...', '/var/www/oliveo...', 104)
#1 [internal function]: ErrorHandler::handleError(4, 'syntax error, u...', '/var/www/oliveo...', 104, Array)
#2 /var/www/oliveoiladmin/lib/Cake/Core/App.php(931): call_user_func('ErrorHandler::h...', 4, 'syntax error, u...', '/var/www/oliveo...', 104, Array)
#3 /var/www/oliveoiladmin/lib/Cake/Core/App.php(904): App::_checkFatalError()
#4 [internal function]: App::shutdown()
#5 {main}
2018-11-18 21:15:27 Error: [MissingControllerException] Controller class Robots.txtController could not be found.
Exception Attributes: array (
  'class' => 'Robots.txtController',
  'plugin' => NULL,
)
Request URL: /robots.txt
Stack Trace:
#0 /var/www/oliveoiladmin/app/webroot/index.php(114): Dispatcher->dispatch(Object(CakeRequest), Object(CakeResponse))
#1 {main}
2018-11-18 21:17:26 Error: Fatal Error (64): Cannot redeclare DATABASE_CONFIG::$host in [/var/www/oliveoiladmin/app/Config/database.php, line 99]
2018-11-18 21:17:26 Error: [FatalErrorException] Cannot redeclare DATABASE_CONFIG::$host
Request URL: /
Stack Trace:
#0 /var/www/oliveoiladmin/lib/Cake/Error/ErrorHandler.php(203): ErrorHandler::handleFatalError(64, 'Cannot redeclar...', '/var/www/oliveo...', 99)
#1 [internal function]: ErrorHandler::handleError(64, 'Cannot redeclar...', '/var/www/oliveo...', 99, Array)
#2 /var/www/oliveoiladmin/lib/Cake/Core/App.php(931): call_user_func('ErrorHandler::h...', 64, 'Cannot redeclar...', '/var/www/oliveo...', 99, Array)
#3 /var/www/oliveoiladmin/lib/Cake/Core/App.php(904): App::_checkFatalError()
#4 [internal function]: App::shutdown()
#5 {main}
2018-11-18 21:17:38 Error: Fatal Error (64): Cannot redeclare DATABASE_CONFIG::$host in [/var/www/oliveoiladmin/app/Config/database.php, line 99]
2018-11-18 21:17:38 Error: [FatalErrorException] Cannot redeclare DATABASE_CONFIG::$host
Request URL: /
Stack Trace:
#0 /var/www/oliveoiladmin/lib/Cake/Error/ErrorHandler.php(203): ErrorHandler::handleFatalError(64, 'Cannot redeclar...', '/var/www/oliveo...', 99)
#1 [internal function]: ErrorHandler::handleError(64, 'Cannot redeclar...', '/var/www/oliveo...', 99, Array)
#2 /var/www/oliveoiladmin/lib/Cake/Core/App.php(931): call_user_func('ErrorHandler::h...', 64, 'Cannot redeclar...', '/var/www/oliveo...', 99, Array)
#3 /var/www/oliveoiladmin/lib/Cake/Core/App.php(904): App::_checkFatalError()
#4 [internal function]: App::shutdown()
#5 {main}
2018-11-18 21:17:58 Error: Fatal Error (64): Cannot redeclare DATABASE_CONFIG::$host in [/var/www/oliveoiladmin/app/Config/database.php, line 99]
2018-11-18 21:17:58 Error: [FatalErrorException] Cannot redeclare DATABASE_CONFIG::$host
Request URL: /
Stack Trace:
#0 /var/www/oliveoiladmin/lib/Cake/Error/ErrorHandler.php(203): ErrorHandler::handleFatalError(64, 'Cannot redeclar...', '/var/www/oliveo...', 99)
#1 [internal function]: ErrorHandler::handleError(64, 'Cannot redeclar...', '/var/www/oliveo...', 99, Array)
#2 /var/www/oliveoiladmin/lib/Cake/Core/App.php(931): call_user_func('ErrorHandler::h...', 64, 'Cannot redeclar...', '/var/www/oliveo...', 99, Array)
#3 /var/www/oliveoiladmin/lib/Cake/Core/App.php(904): App::_checkFatalError()
#4 [internal function]: App::shutdown()
#5 {main}
2018-11-18 21:18:10 Error: Fatal Error (64): Cannot redeclare DATABASE_CONFIG::$host in [/var/www/oliveoiladmin/app/Config/database.php, line 99]
2018-11-18 21:18:10 Error: [FatalErrorException] Cannot redeclare DATABASE_CONFIG::$host
Request URL: /
Stack Trace:
#0 /var/www/oliveoiladmin/lib/Cake/Error/ErrorHandler.php(203): ErrorHandler::handleFatalError(64, 'Cannot redeclar...', '/var/www/oliveo...', 99)
#1 [internal function]: ErrorHandler::handleError(64, 'Cannot redeclar...', '/var/www/oliveo...', 99, Array)
#2 /var/www/oliveoiladmin/lib/Cake/Core/App.php(931): call_user_func('ErrorHandler::h...', 64, 'Cannot redeclar...', '/var/www/oliveo...', 99, Array)
#3 /var/www/oliveoiladmin/lib/Cake/Core/App.php(904): App::_checkFatalError()
#4 [internal function]: App::shutdown()
#5 {main}
2018-11-18 21:18:40 Error: Fatal Error (64): Cannot redeclare DATABASE_CONFIG::$host in [/var/www/oliveoiladmin/app/Config/database.php, line 99]
2018-11-18 21:18:40 Error: [FatalErrorException] Cannot redeclare DATABASE_CONFIG::$host
Request URL: /
Stack Trace:
#0 /var/www/oliveoiladmin/lib/Cake/Error/ErrorHandler.php(203): ErrorHandler::handleFatalError(64, 'Cannot redeclar...', '/var/www/oliveo...', 99)
#1 [internal function]: ErrorHandler::handleError(64, 'Cannot redeclar...', '/var/www/oliveo...', 99, Array)
#2 /var/www/oliveoiladmin/lib/Cake/Core/App.php(931): call_user_func('ErrorHandler::h...', 64, 'Cannot redeclar...', '/var/www/oliveo...', 99, Array)
#3 /var/www/oliveoiladmin/lib/Cake/Core/App.php(904): App::_checkFatalError()
#4 [internal function]: App::shutdown()
#5 {main}
2018-11-18 21:19:24 Error: Fatal Error (4): syntax error, unexpected '$this' (T_VARIABLE) in [/var/www/oliveoiladmin/app/Config/database.php, line 104]
2018-11-18 21:19:24 Error: [FatalErrorException] syntax error, unexpected '$this' (T_VARIABLE)
Request URL: /
Stack Trace:
#0 /var/www/oliveoiladmin/lib/Cake/Error/ErrorHandler.php(203): ErrorHandler::handleFatalError(4, 'syntax error, u...', '/var/www/oliveo...', 104)
#1 [internal function]: ErrorHandler::handleError(4, 'syntax error, u...', '/var/www/oliveo...', 104, Array)
#2 /var/www/oliveoiladmin/lib/Cake/Core/App.php(931): call_user_func('ErrorHandler::h...', 4, 'syntax error, u...', '/var/www/oliveo...', 104, Array)
#3 /var/www/oliveoiladmin/lib/Cake/Core/App.php(904): App::_checkFatalError()
#4 [internal function]: App::shutdown()
#5 {main}
2018-11-18 21:19:33 Error: Fatal Error (1): Undefined class constant 'self::hostC' in [/var/www/oliveoiladmin/lib/Cake/Model/ConnectionManager.php, line 69]
2018-11-18 21:19:33 Error: [FatalErrorException] Undefined class constant 'self::hostC'
Request URL: /
Stack Trace:
#0 /var/www/oliveoiladmin/lib/Cake/Error/ErrorHandler.php(203): ErrorHandler::handleFatalError(1, 'Undefined class...', '/var/www/oliveo...', 69)
#1 [internal function]: ErrorHandler::handleError(1, 'Undefined class...', '/var/www/oliveo...', 69, Array)
#2 /var/www/oliveoiladmin/lib/Cake/Core/App.php(931): call_user_func('ErrorHandler::h...', 1, 'Undefined class...', '/var/www/oliveo...', 69, Array)
#3 /var/www/oliveoiladmin/lib/Cake/Core/App.php(904): App::_checkFatalError()
#4 [internal function]: App::shutdown()
#5 {main}
2018-11-18 21:19:49 Error: Fatal Error (1): Undefined class constant 'self::hostC' in [/var/www/oliveoiladmin/lib/Cake/Model/ConnectionManager.php, line 69]
2018-11-18 21:19:49 Error: [FatalErrorException] Undefined class constant 'self::hostC'
Request URL: /
Stack Trace:
#0 /var/www/oliveoiladmin/lib/Cake/Error/ErrorHandler.php(203): ErrorHandler::handleFatalError(1, 'Undefined class...', '/var/www/oliveo...', 69)
#1 [internal function]: ErrorHandler::handleError(1, 'Undefined class...', '/var/www/oliveo...', 69, Array)
#2 /var/www/oliveoiladmin/lib/Cake/Core/App.php(931): call_user_func('ErrorHandler::h...', 1, 'Undefined class...', '/var/www/oliveo...', 69, Array)
#3 /var/www/oliveoiladmin/lib/Cake/Core/App.php(904): App::_checkFatalError()
#4 [internal function]: App::shutdown()
#5 {main}
2018-11-18 21:19:59 Error: Fatal Error (1): Undefined class constant 'self::hostC' in [/var/www/oliveoiladmin/lib/Cake/Model/ConnectionManager.php, line 69]
2018-11-18 21:19:59 Error: [FatalErrorException] Undefined class constant 'self::hostC'
Request URL: /
Stack Trace:
#0 /var/www/oliveoiladmin/lib/Cake/Error/ErrorHandler.php(203): ErrorHandler::handleFatalError(1, 'Undefined class...', '/var/www/oliveo...', 69)
#1 [internal function]: ErrorHandler::handleError(1, 'Undefined class...', '/var/www/oliveo...', 69, Array)
#2 /var/www/oliveoiladmin/lib/Cake/Core/App.php(931): call_user_func('ErrorHandler::h...', 1, 'Undefined class...', '/var/www/oliveo...', 69, Array)
#3 /var/www/oliveoiladmin/lib/Cake/Core/App.php(904): App::_checkFatalError()
#4 [internal function]: App::shutdown()
#5 {main}
2018-11-18 21:20:15 Error: Fatal Error (4): syntax error, unexpected '$this' (T_VARIABLE) in [/var/www/oliveoiladmin/app/Config/database.php, line 101]
2018-11-18 21:20:15 Error: [FatalErrorException] syntax error, unexpected '$this' (T_VARIABLE)
Request URL: /
Stack Trace:
#0 /var/www/oliveoiladmin/lib/Cake/Error/ErrorHandler.php(203): ErrorHandler::handleFatalError(4, 'syntax error, u...', '/var/www/oliveo...', 101)
#1 [internal function]: ErrorHandler::handleError(4, 'syntax error, u...', '/var/www/oliveo...', 101, Array)
#2 /var/www/oliveoiladmin/lib/Cake/Core/App.php(931): call_user_func('ErrorHandler::h...', 4, 'syntax error, u...', '/var/www/oliveo...', 101, Array)
#3 /var/www/oliveoiladmin/lib/Cake/Core/App.php(904): App::_checkFatalError()
#4 [internal function]: App::shutdown()
#5 {main}
2018-11-18 21:20:47 Error: Fatal Error (4): syntax error, unexpected '$host' (T_VARIABLE) in [/var/www/oliveoiladmin/app/Config/database.php, line 101]
2018-11-18 21:20:47 Error: [FatalErrorException] syntax error, unexpected '$host' (T_VARIABLE)
Request URL: /
Stack Trace:
#0 /var/www/oliveoiladmin/lib/Cake/Error/ErrorHandler.php(203): ErrorHandler::handleFatalError(4, 'syntax error, u...', '/var/www/oliveo...', 101)
#1 [internal function]: ErrorHandler::handleError(4, 'syntax error, u...', '/var/www/oliveo...', 101, Array)
#2 /var/www/oliveoiladmin/lib/Cake/Core/App.php(931): call_user_func('ErrorHandler::h...', 4, 'syntax error, u...', '/var/www/oliveo...', 101, Array)
#3 /var/www/oliveoiladmin/lib/Cake/Core/App.php(904): App::_checkFatalError()
#4 [internal function]: App::shutdown()
#5 {main}
2018-11-18 21:22:57 Error: Fatal Error (1): Cannot access empty property in [/var/www/oliveoiladmin/app/Config/database.php, line 98]
2018-11-18 21:22:57 Error: [FatalErrorException] Cannot access empty property
Request URL: /
Stack Trace:
#0 /var/www/oliveoiladmin/lib/Cake/Error/ErrorHandler.php(203): ErrorHandler::handleFatalError(1, 'Cannot access e...', '/var/www/oliveo...', 98)
#1 [internal function]: ErrorHandler::handleError(1, 'Cannot access e...', '/var/www/oliveo...', 98, Array)
#2 /var/www/oliveoiladmin/lib/Cake/Core/App.php(931): call_user_func('ErrorHandler::h...', 1, 'Cannot access e...', '/var/www/oliveo...', 98, Array)
#3 /var/www/oliveoiladmin/lib/Cake/Core/App.php(904): App::_checkFatalError()
#4 [internal function]: App::shutdown()
#5 {main}
2018-11-18 21:23:13 Error: Fatal Error (1): Cannot access empty property in [/var/www/oliveoiladmin/app/Config/database.php, line 98]
2018-11-18 21:23:13 Error: [FatalErrorException] Cannot access empty property
Request URL: /
Stack Trace:
#0 /var/www/oliveoiladmin/lib/Cake/Error/ErrorHandler.php(203): ErrorHandler::handleFatalError(1, 'Cannot access e...', '/var/www/oliveo...', 98)
#1 [internal function]: ErrorHandler::handleError(1, 'Cannot access e...', '/var/www/oliveo...', 98, Array)
#2 /var/www/oliveoiladmin/lib/Cake/Core/App.php(931): call_user_func('ErrorHandler::h...', 1, 'Cannot access e...', '/var/www/oliveo...', 98, Array)
#3 /var/www/oliveoiladmin/lib/Cake/Core/App.php(904): App::_checkFatalError()
#4 [internal function]: App::shutdown()
#5 {main}
2018-11-18 21:24:50 Error: Fatal Error (1): Cannot access empty property in [/var/www/oliveoiladmin/app/Config/database.php, line 98]
2018-11-18 21:24:50 Error: [FatalErrorException] Cannot access empty property
Request URL: /
Stack Trace:
#0 /var/www/oliveoiladmin/lib/Cake/Error/ErrorHandler.php(203): ErrorHandler::handleFatalError(1, 'Cannot access e...', '/var/www/oliveo...', 98)
#1 [internal function]: ErrorHandler::handleError(1, 'Cannot access e...', '/var/www/oliveo...', 98, Array)
#2 /var/www/oliveoiladmin/lib/Cake/Core/App.php(931): call_user_func('ErrorHandler::h...', 1, 'Cannot access e...', '/var/www/oliveo...', 98, Array)
#3 /var/www/oliveoiladmin/lib/Cake/Core/App.php(904): App::_checkFatalError()
#4 [internal function]: App::shutdown()
#5 {main}
2018-11-18 21:24:50 Error: [MissingControllerException] Controller class Robots.txtController could not be found.
Exception Attributes: array (
  'class' => 'Robots.txtController',
  'plugin' => NULL,
)
Request URL: /robots.txt
Stack Trace:
#0 /var/www/oliveoiladmin/app/webroot/index.php(114): Dispatcher->dispatch(Object(CakeRequest), Object(CakeResponse))
#1 {main}
